<?xml version="1.0" encoding="UTF-8"?>
<testsuite name="goit.CalculatorTest" tests="5" skipped="0" failures="0" errors="0" timestamp="2023-08-05T09:01:03" hostname="MacBook-Pro-Stas.local" time="0.026">
  <properties/>
  <testcase name="testDivByZero()" classname="goit.CalculatorTest" time="0.018"/>
  <testcase name="testAdd()" classname="goit.CalculatorTest" time="0.001"/>
  <testcase name="testDiv()" classname="goit.CalculatorTest" time="0.001"/>
  <testcase name="testMul()" classname="goit.CalculatorTest" time="0.001"/>
  <testcase name="testSub()" classname="goit.CalculatorTest" time="0.001"/>
  <system-out><![CDATA[]]></system-out>
  <system-err><![CDATA[]]></system-err>
</testsuite>
